
C:\Users\Omri\Documents\Visual Studio 2010\Projects\TaskStore\TaskStoreData\backups>bcp TaskStore.dbo.Actions OUT Actions.dat -f Actions.xml -U ogazitt@t1z9p4huyg -P zrc022.. -S t1z9p4huyg.database.windows.net 

Starting copy...

8 rows copied.
Network packet size (bytes): 4096
Clock Time (ms.) Total     : 140    Average : (57.14 rows per sec.)

C:\Users\Omri\Documents\Visual Studio 2010\Projects\TaskStore\TaskStoreData\backups>bcp TaskStore.dbo.aspnet_Applications OUT aspnet_Applications.dat -f aspnet_Applications.xml -U ogazitt@t1z9p4huyg -P zrc022.. -S t1z9p4huyg.database.windows.net 

Starting copy...

1 rows copied.
Network packet size (bytes): 4096
Clock Time (ms.) Total     : 156    Average : (6.41 rows per sec.)

C:\Users\Omri\Documents\Visual Studio 2010\Projects\TaskStore\TaskStoreData\backups>bcp TaskStore.dbo.aspnet_Membership OUT aspnet_Membership.dat -f aspnet_Membership.xml -U ogazitt@t1z9p4huyg -P zrc022.. -S t1z9p4huyg.database.windows.net 

Starting copy...

2 rows copied.
Network packet size (bytes): 4096
Clock Time (ms.) Total     : 171    Average : (11.70 rows per sec.)

C:\Users\Omri\Documents\Visual Studio 2010\Projects\TaskStore\TaskStoreData\backups>bcp TaskStore.dbo.aspnet_SchemaVersions OUT aspnet_SchemaVersions.dat -f aspnet_SchemaVersions.xml -U ogazitt@t1z9p4huyg -P zrc022.. -S t1z9p4huyg.database.windows.net 

Starting copy...

2 rows copied.
Network packet size (bytes): 4096
Clock Time (ms.) Total     : 156    Average : (12.82 rows per sec.)

C:\Users\Omri\Documents\Visual Studio 2010\Projects\TaskStore\TaskStoreData\backups>bcp TaskStore.dbo.aspnet_Users OUT aspnet_Users.dat -f aspnet_Users.xml -U ogazitt@t1z9p4huyg -P zrc022.. -S t1z9p4huyg.database.windows.net 

Starting copy...

2 rows copied.
Network packet size (bytes): 4096
Clock Time (ms.) Total     : 140    Average : (14.29 rows per sec.)

C:\Users\Omri\Documents\Visual Studio 2010\Projects\TaskStore\TaskStoreData\backups>bcp TaskStore.dbo.Colors OUT Colors.dat -f Colors.xml -U ogazitt@t1z9p4huyg -P zrc022.. -S t1z9p4huyg.database.windows.net 

Starting copy...

8 rows copied.
Network packet size (bytes): 4096
Clock Time (ms.) Total     : 140    Average : (57.14 rows per sec.)

C:\Users\Omri\Documents\Visual Studio 2010\Projects\TaskStore\TaskStoreData\backups>bcp TaskStore.dbo.Fields OUT Fields.dat -f Fields.xml -U ogazitt@t1z9p4huyg -P zrc022.. -S t1z9p4huyg.database.windows.net 

Starting copy...

24 rows copied.
Network packet size (bytes): 4096
Clock Time (ms.) Total     : 78     Average : (307.69 rows per sec.)

C:\Users\Omri\Documents\Visual Studio 2010\Projects\TaskStore\TaskStoreData\backups>bcp TaskStore.dbo.FieldTypes OUT FieldTypes.dat -f FieldTypes.xml -U ogazitt@t1z9p4huyg -P zrc022.. -S t1z9p4huyg.database.windows.net 

Starting copy...

12 rows copied.
Network packet size (bytes): 4096
Clock Time (ms.) Total     : 140    Average : (85.71 rows per sec.)

C:\Users\Omri\Documents\Visual Studio 2010\Projects\TaskStore\TaskStoreData\backups>bcp TaskStore.dbo.ListTypes OUT ListTypes.dat -f ListTypes.xml -U ogazitt@t1z9p4huyg -P zrc022.. -S t1z9p4huyg.database.windows.net 

Starting copy...

3 rows copied.
Network packet size (bytes): 4096
Clock Time (ms.) Total     : 172    Average : (17.44 rows per sec.)

C:\Users\Omri\Documents\Visual Studio 2010\Projects\TaskStore\TaskStoreData\backups>bcp TaskStore.dbo.Priorities OUT Priorities.dat -f Priorities.xml -U ogazitt@t1z9p4huyg -P zrc022.. -S t1z9p4huyg.database.windows.net 

Starting copy...

3 rows copied.
Network packet size (bytes): 4096
Clock Time (ms.) Total     : 156    Average : (19.23 rows per sec.)

C:\Users\Omri\Documents\Visual Studio 2010\Projects\TaskStore\TaskStoreData\backups>bcp TaskStore.dbo.Tags OUT Tags.dat -f Tags.xml -U ogazitt@t1z9p4huyg -P zrc022.. -S t1z9p4huyg.database.windows.net 

Starting copy...

4 rows copied.
Network packet size (bytes): 4096
Clock Time (ms.) Total     : 140    Average : (28.57 rows per sec.)

C:\Users\Omri\Documents\Visual Studio 2010\Projects\TaskStore\TaskStoreData\backups>bcp TaskStore.dbo.TaskLists OUT TaskLists.dat -f TaskLists.xml -U ogazitt@t1z9p4huyg -P zrc022.. -S t1z9p4huyg.database.windows.net 

Starting copy...

10 rows copied.
Network packet size (bytes): 4096
Clock Time (ms.) Total     : 156    Average : (64.10 rows per sec.)

C:\Users\Omri\Documents\Visual Studio 2010\Projects\TaskStore\TaskStoreData\backups>bcp TaskStore.dbo.Tasks OUT Tasks.dat -f Tasks.xml -U ogazitt@t1z9p4huyg -P zrc022.. -S t1z9p4huyg.database.windows.net 

Starting copy...

53 rows copied.
Network packet size (bytes): 4096
Clock Time (ms.) Total     : 156    Average : (339.74 rows per sec.)

C:\Users\Omri\Documents\Visual Studio 2010\Projects\TaskStore\TaskStoreData\backups>bcp TaskStore.dbo.TaskTags OUT TaskTags.dat -f TaskTags.xml -U ogazitt@t1z9p4huyg -P zrc022.. -S t1z9p4huyg.database.windows.net 

Starting copy...

1 rows copied.
Network packet size (bytes): 4096
Clock Time (ms.) Total     : 94     Average : (10.64 rows per sec.)

C:\Users\Omri\Documents\Visual Studio 2010\Projects\TaskStore\TaskStoreData\backups>bcp TaskStore.dbo.Users OUT Users.dat -f Users.xml -U ogazitt@t1z9p4huyg -P zrc022.. -S t1z9p4huyg.database.windows.net 

Starting copy...

2 rows copied.
Network packet size (bytes): 4096
Clock Time (ms.) Total     : 156    Average : (12.82 rows per sec.)
